* using log directory ‘/Users/carlschwarz/Dropbox/SPAS-R/SPAS/SPAS.Rcheck’
* using R version 3.5.2 (2018-12-20)
* using platform: x86_64-apple-darwin15.6.0 (64-bit)
* using session charset: UTF-8
* using option ‘--as-cran’
* checking for file ‘SPAS/DESCRIPTION’ ... OK
* checking extension type ... Package
* this is package ‘SPAS’ version ‘2019.2’
* checking CRAN incoming feasibility ... NOTE
Maintainer: ‘Carl James Schwarz <cschwarz.stat.sfu.ca@gmail.com>’

New submission

Version contains large components (2019.2)

Found the following (possibly) invalid URLs:
  URL: https://www.jstor.org/stable/2332748
    From: inst/doc/Conne1991.html
          inst/doc/Conne1992.html
          inst/doc/HarrisonF2011.html
    Status: 403
    Message: Forbidden
  URL: https://www.jstor.org/stable/2533994
    From: inst/doc/Conne1991.html
          inst/doc/Conne1992.html
          inst/doc/HarrisonF2011.html
    Status: 403
    Message: Forbidden

The Description field contains
  <https://doi.org/10.1139/f97-238> describe the use of SPAS in
Please write DOIs as <doi:10.prefix/suffix>.
* checking package namespace information ... OK
* checking package dependencies ... OK
* checking if this is a source package ... OK
* checking if there is a namespace ... OK
* checking for executable files ... OK
* checking for hidden files and directories ... OK
* checking for portable file names ... OK
* checking for sufficient/correct file permissions ... OK
* checking serialization versions ... OK
* checking whether package ‘SPAS’ can be installed ... OK
* checking installed package size ... OK
* checking package directory ... OK
* checking ‘build’ directory ... OK
* checking DESCRIPTION meta-information ... OK
* checking top-level files ... NOTE
Files ‘README.md’ or ‘NEWS.md’ cannot be checked without ‘pandoc’ being installed.
* checking for left-over files ... OK
* checking index information ... OK
* checking package subdirectories ... OK
* checking R files for non-ASCII characters ... OK
* checking R files for syntax errors ... OK
* checking whether the package can be loaded ... OK
* checking whether the package can be loaded with stated dependencies ... OK
* checking whether the package can be unloaded cleanly ... OK
* checking whether the namespace can be loaded with stated dependencies ... OK
* checking whether the namespace can be unloaded cleanly ... OK
* checking loading without being on the library search path ... OK
* checking use of S3 registration ... OK
* checking dependencies in R code ... OK
* checking S3 generic/method consistency ... OK
* checking replacement functions ... OK
* checking foreign function calls ... OK
* checking R code for possible problems ... OK
* checking Rd files ... OK
* checking Rd metadata ... OK
* checking Rd line widths ... OK
* checking Rd cross-references ... OK
* checking for missing documentation entries ... OK
* checking for code/documentation mismatches ... OK
* checking Rd \usage sections ... OK
* checking Rd contents ... OK
* checking for unstated dependencies in examples ... OK
* checking installed files from ‘inst/doc’ ... OK
* checking files in ‘vignettes’ ... OK
* checking examples ... OK
* checking for unstated dependencies in vignettes ... OK
* checking package vignettes in ‘inst/doc’ ... OK
* checking re-building of vignette outputs ... OK
* checking PDF version of manual ... OK
* DONE
Status: 2 NOTEs
